Determining if the pthread_create exist failed with the following output:
Change Dir: /home/overcode/multicamera_stitching/adquisition_module/catkin_ws/build/CMakeFiles/CMakeTmp

Run Build Command:"/usr/bin/make" "cmTC_32d58/fast"
/usr/bin/make -f CMakeFiles/cmTC_32d58.dir/build.make CMakeFiles/cmTC_32d58.dir/build
make[1]: Entering directory '/home/overcode/multicamera_stitching/adquisition_module/catkin_ws/build/CMakeFiles/CMakeTmp'
Building C object CMakeFiles/cmTC_32d58.dir/CheckSymbolExists.c.o
/usr/bin/cc    -o CMakeFiles/cmTC_32d58.dir/CheckSymbolExists.c.o   -c /home/overcode/multicamera_stitching/adquisition_module/catkin_ws/build/CMakeFiles/CMakeTmp/CheckSymbolExists.c
Linking C executable cmTC_32d58
/usr/bin/cmake -E cmake_link_script CMakeFiles/cmTC_32d58.dir/link.txt --verbose=1
/usr/bin/cc      -rdynamic CMakeFiles/cmTC_32d58.dir/CheckSymbolExists.c.o  -o cmTC_32d58 
CMakeFiles/cmTC_32d58.dir/CheckSymbolExists.c.o: In function `main':
CheckSymbolExists.c:(.text+0x1b): undefined reference to `pthread_create'
collect2: error: ld returned 1 exit status
CMakeFiles/cmTC_32d58.dir/build.make:97: recipe for target 'cmTC_32d58' failed
make[1]: *** [cmTC_32d58] Error 1
make[1]: Leaving directory '/home/overcode/multicamera_stitching/adquisition_module/catkin_ws/build/CMakeFiles/CMakeTmp'
Makefile:126: recipe for target 'cmTC_32d58/fast' failed
make: *** [cmTC_32d58/fast] Error 2

File /home/overcode/multicamera_stitching/adquisition_module/catkin_ws/build/CMakeFiles/CMakeTmp/CheckSymbolExists.c:
/* */
#include <pthread.h>

int main(int argc, char** argv)
{
  (void)argv;
#ifndef pthread_create
  return ((int*)(&pthread_create))[argc];
#else
  (void)argc;
  return 0;
#endif
}

Determining if the function pthread_create exists in the pthreads failed with the following output:
Change Dir: /home/overcode/multicamera_stitching/adquisition_module/catkin_ws/build/CMakeFiles/CMakeTmp

Run Build Command:"/usr/bin/make" "cmTC_5e9d3/fast"
/usr/bin/make -f CMakeFiles/cmTC_5e9d3.dir/build.make CMakeFiles/cmTC_5e9d3.dir/build
make[1]: Entering directory '/home/overcode/multicamera_stitching/adquisition_module/catkin_ws/build/CMakeFiles/CMakeTmp'
Building C object CMakeFiles/cmTC_5e9d3.dir/CheckFunctionExists.c.o
/usr/bin/cc   -DCHECK_FUNCTION_EXISTS=pthread_create   -o CMakeFiles/cmTC_5e9d3.dir/CheckFunctionExists.c.o   -c /usr/share/cmake-3.10/Modules/CheckFunctionExists.c
Linking C executable cmTC_5e9d3
/usr/bin/cmake -E cmake_link_script CMakeFiles/cmTC_5e9d3.dir/link.txt --verbose=1
/usr/bin/cc  -DCHECK_FUNCTION_EXISTS=pthread_create    -rdynamic CMakeFiles/cmTC_5e9d3.dir/CheckFunctionExists.c.o  -o cmTC_5e9d3 -lpthreads 
/usr/bin/ld: cannot find -lpthreads
collect2: error: ld returned 1 exit status
CMakeFiles/cmTC_5e9d3.dir/build.make:97: recipe for target 'cmTC_5e9d3' failed
make[1]: *** [cmTC_5e9d3] Error 1
make[1]: Leaving directory '/home/overcode/multicamera_stitching/adquisition_module/catkin_ws/build/CMakeFiles/CMakeTmp'
Makefile:126: recipe for target 'cmTC_5e9d3/fast' failed
make: *** [cmTC_5e9d3/fast] Error 2


